<?xml version="1.0" encoding="UTF-8"?>
<!-- Generated by org.testng.reporters.JUnitXMLReporter -->
<testsuite ignored="0" hostname="DESKTOP-LRPJ512" failures="3" tests="31" name="Search Functionality Tests" time="1103.259" errors="0" timestamp="2025-10-23T13:02:28 IST">
  <testcase classname="tests.Search" name="test_TC_SA_01_searchfunctionality" time="24.571"/>
  <testcase classname="tests.Search" name="test_TC_SA_02_verifyalltheOptionsOfDropdowns" time="18.986"/>
  <testcase classname="tests.Search" name="test_TC_SA_03_verifyFilteringWithOnlyDraftOption" time="48.892"/>
  <testcase classname="tests.Search" name="test_TC_SA_04_verifyFilteringWithOnlyPublishedOption" time="50.109"/>
  <testcase classname="tests.Search" name="test_TC_SA_05_verifyFilteringWithBothDraftAndPublishedOption" time="18.508"/>
  <testcase classname="tests.Search" name="test_TC_SA_06_verifyFilteringWithOnlyDraftOptionWithoutSearching" time="48.137"/>
  <testcase classname="tests.Search" name="test_TC_SA_07_verifyFilteringWithOnlyPublishedOptionWithoutSearching" time="50.743"/>
  <testcase classname="tests.Search" name="test_TC_SA_08_verifyFilteringWithBothPublishedAndDraftOptionsWithoutSearching" time="16.47"/>
  <testcase classname="tests.Search" name="test_TC_SA_09_verifySearchFunctionalityWhenInvalidValueEntered" time="27.76"/>
  <testcase classname="tests.Search" name="test_TC_SA_10_verifyPublishedContentWithBookmarkedQuickFilter" time="30.513"/>
  <testcase classname="tests.Search" name="test_TC_SA_11_verifyPublishedContentWithMicrositeQuickFilter" time="38.723"/>
  <testcase classname="tests.Search" name="test_TC_SA_12_verifyPublishedContentWithVideoQuickFilter" time="38.079"/>
  <testcase classname="tests.Search" name="test_TC_SA_13_verifyPublishedContentWithBrochureQuickFilter" time="38.94"/>
  <testcase classname="tests.Search" name="test_TC_SA_14_verifyPublishedContentWithBannersQuickFilter" time="30.498"/>
  <testcase classname="tests.Search" name="test_TC_SA_15_verifyPublishedContentWithSocialPostsQuickFilter" time="38.262"/>
  <testcase classname="tests.Search" name="test_TC_SA_16_verifyPublishedContentWithEmailQuickFilter" time="38.333"/>
  <testcase classname="tests.Search" name="test_TC_SA_17_verifyDraftContentWithAllQuickFilter" time="48.149">
    <failure type="org.openqa.selenium.TimeoutException" message="Expected condition failed: waiting for presence of element located by: By.xpath: //select[@aria-label=&amp;apos;select-status&amp;apos;] (tried for 10 second(s) with 500 milliseconds interval)">
      <![CDATA[org.openqa.selenium.TimeoutException: Expected condition failed: waiting for presence of element located by: By.xpath: //select[@aria-label='select-status'] (tried for 10 second(s) with 500 milliseconds interval)
at org.openqa.selenium.support.ui.WebDriverWait.timeoutException(WebDriverWait.java:84)
at org.openqa.selenium.support.ui.FluentWait.until(FluentWait.java:228)
at pageObjects.SearchPage.clickOnDraftAndPublishedDropdown(SearchPage.java:60)
at tests.Search.test_TC_SA_17_verifyDraftContentWithAllQuickFilter(Search.java:1181)
at java.base/java.util.ArrayList.forEach(ArrayList.java:1597)
Caused by: org.openqa.selenium.NoSuchElementException: no such element: Unable to locate element: {"method":"xpath","selector":"//select[@aria-label='select-status']"}
  (Session info: chrome=141.0.7390.108)
For documentation on this error, please visit: https://www.selenium.dev/documentation/webdriver/troubleshooting/errors#no-such-element-exception
Build info: version: '4.27.0', revision: 'd6e718d134'
System info: os.name: 'Windows 10', os.arch: 'amd64', os.version: '10.0', java.version: '23.0.2'
Driver info: org.openqa.selenium.chrome.ChromeDriver
Command: [7db8f2aaac2f2e55ae8e9d487fd4d282, findElement {using=xpath, value=//select[@aria-label='select-status']}]
Capabilities {acceptInsecureCerts: false, browserName: chrome, browserVersion: 141.0.7390.108, chrome: {chromedriverVersion: 141.0.7390.78 (2b53b0e231fc..., userDataDir: C:\Users\admin\AppData\Loca...}, fedcm:accounts: true, goog:chromeOptions: {debuggerAddress: localhost:61986}, networkConnectionEnabled: false, pageLoadStrategy: normal, platformName: windows, proxy: Proxy(), se:cdp: ws://localhost:61986/devtoo..., se:cdpVersion: 141.0.7390.108, setWindowRect: true, strictFileInteractability: false, timeouts: {implicit: 0, pageLoad: 300000, script: 30000}, unhandledPromptBehavior: dismiss and notify, webauthn:extension:credBlob: true, webauthn:extension:largeBlob: true, webauthn:extension:minPinLength: true, webauthn:extension:prf: true, webauthn:virtualAuthenticators: true}
Session ID: 7db8f2aaac2f2e55ae8e9d487fd4d282
at org.openqa.selenium.remote.ErrorCodec.decode(ErrorCodec.java:167)
at org.openqa.selenium.remote.codec.w3c.W3CHttpResponseCodec.decode(W3CHttpResponseCodec.java:138)
at org.openqa.selenium.remote.codec.w3c.W3CHttpResponseCodec.decode(W3CHttpResponseCodec.java:50)
at org.openqa.selenium.remote.HttpCommandExecutor.execute(HttpCommandExecutor.java:190)
at org.openqa.selenium.remote.service.DriverCommandExecutor.invokeExecute(DriverCommandExecutor.java:216)
at org.openqa.selenium.remote.service.DriverCommandExecutor.execute(DriverCommandExecutor.java:174)
at org.openqa.selenium.remote.RemoteWebDriver.execute(RemoteWebDriver.java:545)
at org.openqa.selenium.remote.ElementLocation$ElementFinder$2.findElement(ElementLocation.java:165)
at org.openqa.selenium.remote.ElementLocation.findElement(ElementLocation.java:59)
at org.openqa.selenium.remote.RemoteWebDriver.findElement(RemoteWebDriver.java:368)
at org.openqa.selenium.remote.RemoteWebDriver.findElement(RemoteWebDriver.java:362)
at org.openqa.selenium.support.ui.ExpectedConditions$6.apply(ExpectedConditions.java:171)
at org.openqa.selenium.support.ui.ExpectedConditions$6.apply(ExpectedConditions.java:168)
at org.openqa.selenium.support.ui.FluentWait.until(FluentWait.java:203)
... 28 more
... Removed 28 stack frames]]>
    </failure>
  </testcase> <!-- test_TC_SA_17_verifyDraftContentWithAllQuickFilter -->
  <testcase classname="tests.Search" name="test_TC_SA_18_verifyDraftContentWithBookmarkedQuickFilter" time="65.354"/>
  <testcase classname="tests.Search" name="test_TC_SA_19_verifyDraftContentWithMicrositeQuickFilter" time="7.019">
    <failure type="org.openqa.selenium.StaleElementReferenceException" message="stale element reference: stale element not found in the current frame
  (Session info: chrome=141.0.7390.108)
For documentation on this error, please visit: https://www.selenium.dev/documentation/webdriver/troubleshooting/errors#stale-element-reference-exception
Build info: version: &amp;apos;4.27.0&amp;apos;, revision: &amp;apos;d6e718d134&amp;apos;
System info: os.name: &amp;apos;Windows 10&amp;apos;, os.arch: &amp;apos;amd64&amp;apos;, os.version: &amp;apos;10.0&amp;apos;, java.version: &amp;apos;23.0.2&amp;apos;
Driver info: org.openqa.selenium.chrome.ChromeDriver
Command: [ffdddc8b6746a62a21798001b22c99c3, clearElement {id=f.E920CDA756903D3C6DE81C63B9418ECD.d.1D179F08D899C215A1DB5192BDCF7B8B.e.12}]
Capabilities {acceptInsecureCerts: false, browserName: chrome, browserVersion: 141.0.7390.108, chrome: {chromedriverVersion: 141.0.7390.78 (2b53b0e231fc..., userDataDir: C:\Users\admin\AppData\Loca...}, fedcm:accounts: true, goog:chromeOptions: {debuggerAddress: localhost:62063}, networkConnectionEnabled: false, pageLoadStrategy: normal, platformName: windows, proxy: Proxy(), se:cdp: ws://localhost:62063/devtoo..., se:cdpVersion: 141.0.7390.108, setWindowRect: true, strictFileInteractability: false, timeouts: {implicit: 0, pageLoad: 300000, script: 30000}, unhandledPromptBehavior: dismiss and notify, webauthn:extension:credBlob: true, webauthn:extension:largeBlob: true, webauthn:extension:minPinLength: true, webauthn:extension:prf: true, webauthn:virtualAuthenticators: true}
Element: [[ChromeDriver: chrome on windows (ffdddc8b6746a62a21798001b22c99c3)] -&amp;gt; id: username]
Session ID: ffdddc8b6746a62a21798001b22c99c3">
      <![CDATA[org.openqa.selenium.StaleElementReferenceException: stale element reference: stale element not found in the current frame
  (Session info: chrome=141.0.7390.108)
For documentation on this error, please visit: https://www.selenium.dev/documentation/webdriver/troubleshooting/errors#stale-element-reference-exception
Build info: version: '4.27.0', revision: 'd6e718d134'
System info: os.name: 'Windows 10', os.arch: 'amd64', os.version: '10.0', java.version: '23.0.2'
Driver info: org.openqa.selenium.chrome.ChromeDriver
Command: [ffdddc8b6746a62a21798001b22c99c3, clearElement {id=f.E920CDA756903D3C6DE81C63B9418ECD.d.1D179F08D899C215A1DB5192BDCF7B8B.e.12}]
Capabilities {acceptInsecureCerts: false, browserName: chrome, browserVersion: 141.0.7390.108, chrome: {chromedriverVersion: 141.0.7390.78 (2b53b0e231fc..., userDataDir: C:\Users\admin\AppData\Loca...}, fedcm:accounts: true, goog:chromeOptions: {debuggerAddress: localhost:62063}, networkConnectionEnabled: false, pageLoadStrategy: normal, platformName: windows, proxy: Proxy(), se:cdp: ws://localhost:62063/devtoo..., se:cdpVersion: 141.0.7390.108, setWindowRect: true, strictFileInteractability: false, timeouts: {implicit: 0, pageLoad: 300000, script: 30000}, unhandledPromptBehavior: dismiss and notify, webauthn:extension:credBlob: true, webauthn:extension:largeBlob: true, webauthn:extension:minPinLength: true, webauthn:extension:prf: true, webauthn:virtualAuthenticators: true}
Element: [[ChromeDriver: chrome on windows (ffdddc8b6746a62a21798001b22c99c3)] -> id: username]
Session ID: ffdddc8b6746a62a21798001b22c99c3
at org.openqa.selenium.remote.ErrorCodec.decode(ErrorCodec.java:167)
at org.openqa.selenium.remote.codec.w3c.W3CHttpResponseCodec.decode(W3CHttpResponseCodec.java:138)
at org.openqa.selenium.remote.codec.w3c.W3CHttpResponseCodec.decode(W3CHttpResponseCodec.java:50)
at org.openqa.selenium.remote.HttpCommandExecutor.execute(HttpCommandExecutor.java:190)
at org.openqa.selenium.remote.service.DriverCommandExecutor.invokeExecute(DriverCommandExecutor.java:216)
at org.openqa.selenium.remote.service.DriverCommandExecutor.execute(DriverCommandExecutor.java:174)
at org.openqa.selenium.remote.RemoteWebDriver.execute(RemoteWebDriver.java:545)
at org.openqa.selenium.remote.RemoteWebElement.execute(RemoteWebElement.java:223)
at org.openqa.selenium.remote.RemoteWebElement.clear(RemoteWebElement.java:129)
at pageObjects.LoginPage.enterUsernameField(LoginPage.java:33)
at tests.Search.test_TC_SA_19_verifyDraftContentWithMicrositeQuickFilter(Search.java:1331)
at java.base/java.util.ArrayList.forEach(ArrayList.java:1597)
... Removed 28 stack frames]]>
    </failure>
  </testcase> <!-- test_TC_SA_19_verifyDraftContentWithMicrositeQuickFilter -->
  <testcase classname="tests.Search" name="test_TC_SA_20_verifyDraftContentWithVideoQuickFilter" time="37.176"/>
  <testcase classname="tests.Search" name="test_TC_SA_21_verifyDraftContentWithBrochureQuickFilter" time="34.703"/>
  <testcase classname="tests.Search" name="test_TC_SA_22_verifyDraftContentWithBannersQuickFilter" time="30.212"/>
  <testcase classname="tests.Search" name="test_TC_SA_23_verifyDraftContentWithSocialPostsQuickFilter" time="33.698"/>
  <testcase classname="tests.Search" name="test_TC_SA_24_verifyDraftContentWithEmailQuickFilter" time="37.426"/>
  <testcase classname="tests.Search" name="test_TC_SA_25_verifyDraftAndPublishedWithBookmarkQuickFilter" time="31.161"/>
  <testcase classname="tests.Search" name="test_TC_SA_26_verifyDraftAndPublishedWithMicrositeQuickFilter" time="36.39"/>
  <testcase classname="tests.Search" name="test_TC_SA_27_verifyDraftAndPublishedWithVideoQuickFilter" time="37.118"/>
  <testcase classname="tests.Search" name="test_TC_SA_28_verifyDraftAndPublishedWithBrochureQuickFilter" time="36.619"/>
  <testcase classname="tests.Search" name="test_TC_SA_29_verifyDraftAndPublishedWithBannerQuickFilter" time="30.918"/>
  <testcase classname="tests.Search" name="test_TC_SA_30_verifyDraftAndPublishedWithSocialPostsQuickFilter" time="36.749"/>
  <testcase classname="tests.Search" name="test_TC_SA_31_verifyDraftAndPublishedWithEmailQuickFilter" time="24.309">
    <failure type="org.openqa.selenium.ElementClickInterceptedException" message="element click intercepted: Element is not clickable at point (207, 605)
  (Session info: chrome=141.0.7390.108)
Build info: version: &amp;apos;4.27.0&amp;apos;, revision: &amp;apos;d6e718d134&amp;apos;
System info: os.name: &amp;apos;Windows 10&amp;apos;, os.arch: &amp;apos;amd64&amp;apos;, os.version: &amp;apos;10.0&amp;apos;, java.version: &amp;apos;23.0.2&amp;apos;
Driver info: org.openqa.selenium.chrome.ChromeDriver
Command: [c4b8b9d88d7452e2b2f999b04d1ddce7, clickElement {id=f.DCD94C82AEF1B6BADD70C46A2067207B.d.C7E6C02539F12614F79A09CE1A59BF12.e.99}]
Capabilities {acceptInsecureCerts: false, browserName: chrome, browserVersion: 141.0.7390.108, chrome: {chromedriverVersion: 141.0.7390.78 (2b53b0e231fc..., userDataDir: C:\Users\admin\AppData\Loca...}, fedcm:accounts: true, goog:chromeOptions: {debuggerAddress: localhost:62621}, networkConnectionEnabled: false, pageLoadStrategy: normal, platformName: windows, proxy: Proxy(), se:cdp: ws://localhost:62621/devtoo..., se:cdpVersion: 141.0.7390.108, setWindowRect: true, strictFileInteractability: false, timeouts: {implicit: 0, pageLoad: 300000, script: 30000}, unhandledPromptBehavior: dismiss and notify, webauthn:extension:credBlob: true, webauthn:extension:largeBlob: true, webauthn:extension:minPinLength: true, webauthn:extension:prf: true, webauthn:virtualAuthenticators: true}
Element: [[ChromeDriver: chrome on windows (c4b8b9d88d7452e2b2f999b04d1ddce7)] -&amp;gt; xpath: (//a[@data-rr-ui-event-key=&amp;apos;42&amp;apos; and contains(text(), &amp;apos;Email&amp;apos;)])[1]]
Session ID: c4b8b9d88d7452e2b2f999b04d1ddce7">
      <![CDATA[org.openqa.selenium.ElementClickInterceptedException: element click intercepted: Element is not clickable at point (207, 605)
  (Session info: chrome=141.0.7390.108)
Build info: version: '4.27.0', revision: 'd6e718d134'
System info: os.name: 'Windows 10', os.arch: 'amd64', os.version: '10.0', java.version: '23.0.2'
Driver info: org.openqa.selenium.chrome.ChromeDriver
Command: [c4b8b9d88d7452e2b2f999b04d1ddce7, clickElement {id=f.DCD94C82AEF1B6BADD70C46A2067207B.d.C7E6C02539F12614F79A09CE1A59BF12.e.99}]
Capabilities {acceptInsecureCerts: false, browserName: chrome, browserVersion: 141.0.7390.108, chrome: {chromedriverVersion: 141.0.7390.78 (2b53b0e231fc..., userDataDir: C:\Users\admin\AppData\Loca...}, fedcm:accounts: true, goog:chromeOptions: {debuggerAddress: localhost:62621}, networkConnectionEnabled: false, pageLoadStrategy: normal, platformName: windows, proxy: Proxy(), se:cdp: ws://localhost:62621/devtoo..., se:cdpVersion: 141.0.7390.108, setWindowRect: true, strictFileInteractability: false, timeouts: {implicit: 0, pageLoad: 300000, script: 30000}, unhandledPromptBehavior: dismiss and notify, webauthn:extension:credBlob: true, webauthn:extension:largeBlob: true, webauthn:extension:minPinLength: true, webauthn:extension:prf: true, webauthn:virtualAuthenticators: true}
Element: [[ChromeDriver: chrome on windows (c4b8b9d88d7452e2b2f999b04d1ddce7)] -> xpath: (//a[@data-rr-ui-event-key='42' and contains(text(), 'Email')])[1]]
Session ID: c4b8b9d88d7452e2b2f999b04d1ddce7
at org.openqa.selenium.remote.ErrorCodec.decode(ErrorCodec.java:167)
at org.openqa.selenium.remote.codec.w3c.W3CHttpResponseCodec.decode(W3CHttpResponseCodec.java:138)
at org.openqa.selenium.remote.codec.w3c.W3CHttpResponseCodec.decode(W3CHttpResponseCodec.java:50)
at org.openqa.selenium.remote.HttpCommandExecutor.execute(HttpCommandExecutor.java:190)
at org.openqa.selenium.remote.service.DriverCommandExecutor.invokeExecute(DriverCommandExecutor.java:216)
at org.openqa.selenium.remote.service.DriverCommandExecutor.execute(DriverCommandExecutor.java:174)
at org.openqa.selenium.remote.RemoteWebDriver.execute(RemoteWebDriver.java:545)
at org.openqa.selenium.remote.RemoteWebElement.execute(RemoteWebElement.java:223)
at org.openqa.selenium.remote.RemoteWebElement.click(RemoteWebElement.java:76)
at pageObjects.SearchPage.clickOnEmailQuickFilter(SearchPage.java:124)
at tests.Search.test_TC_SA_31_verifyDraftAndPublishedWithEmailQuickFilter(Search.java:2328)
at java.base/java.util.ArrayList.forEach(ArrayList.java:1597)
... Removed 28 stack frames]]>
    </failure>
  </testcase> <!-- test_TC_SA_31_verifyDraftAndPublishedWithEmailQuickFilter -->
</testsuite> <!-- Search Functionality Tests -->
